  functions.cpp
C:\GitHub\carry-hackathon-2022\CougsHelpCougs\CougsHelpCougs\functions.cpp(33,3): error C4996: 'scanf': This function or variable may be unsafe. Consider using scanf_s instead. To disable deprecation, use _CRT_SECURE_NO_WARNINGS. See online help for details.
C:\GitHub\carry-hackathon-2022\CougsHelpCougs\CougsHelpCougs\functions.cpp(51,8): warning C4477: 'scanf' : format string '%s' requires an argument of type 'char *', but variadic argument 1 has type 'std::string *'
C:\GitHub\carry-hackathon-2022\CougsHelpCougs\CougsHelpCougs\functions.cpp(53,8): warning C4477: 'scanf' : format string '%s' requires an argument of type 'char *', but variadic argument 1 has type 'std::string *'
C:\GitHub\carry-hackathon-2022\CougsHelpCougs\CougsHelpCougs\functions.cpp(55,8): warning C4477: 'scanf' : format string '%s' requires an argument of type 'char *', but variadic argument 1 has type 'std::string *'
C:\GitHub\carry-hackathon-2022\CougsHelpCougs\CougsHelpCougs\functions.cpp(57,8): warning C4477: 'scanf' : format string '%s' requires an argument of type 'char *', but variadic argument 1 has type 'std::string *'
C:\GitHub\carry-hackathon-2022\CougsHelpCougs\CougsHelpCougs\functions.cpp(239,19): warning C4477: 'fprintf' : format string '%s' requires an argument of type 'char *', but variadic argument 1 has type 'std::string'
C:\GitHub\carry-hackathon-2022\CougsHelpCougs\CougsHelpCougs\functions.cpp(239,19): warning C4477: 'fprintf' : format string '%s' requires an argument of type 'char *', but variadic argument 2 has type 'std::string'
C:\GitHub\carry-hackathon-2022\CougsHelpCougs\CougsHelpCougs\functions.cpp(239,19): warning C4477: 'fprintf' : format string '%s' requires an argument of type 'char *', but variadic argument 3 has type 'std::string'
C:\GitHub\carry-hackathon-2022\CougsHelpCougs\CougsHelpCougs\functions.cpp(239,19): warning C4477: 'fprintf' : format string '%s' requires an argument of type 'char *', but variadic argument 4 has type 'std::string'
C:\GitHub\carry-hackathon-2022\CougsHelpCougs\CougsHelpCougs\functions.cpp(239,19): warning C4477: 'fprintf' : format string '%s' requires an argument of type 'char *', but variadic argument 5 has type 'std::string'
C:\GitHub\carry-hackathon-2022\CougsHelpCougs\CougsHelpCougs\functions.cpp(51,2): error C4996: 'scanf': This function or variable may be unsafe. Consider using scanf_s instead. To disable deprecation, use _CRT_SECURE_NO_WARNINGS. See online help for details.
C:\GitHub\carry-hackathon-2022\CougsHelpCougs\CougsHelpCougs\functions.cpp(53,2): error C4996: 'scanf': This function or variable may be unsafe. Consider using scanf_s instead. To disable deprecation, use _CRT_SECURE_NO_WARNINGS. See online help for details.
C:\GitHub\carry-hackathon-2022\CougsHelpCougs\CougsHelpCougs\functions.cpp(55,2): error C4996: 'scanf': This function or variable may be unsafe. Consider using scanf_s instead. To disable deprecation, use _CRT_SECURE_NO_WARNINGS. See online help for details.
C:\GitHub\carry-hackathon-2022\CougsHelpCougs\CougsHelpCougs\functions.cpp(57,2): error C4996: 'scanf': This function or variable may be unsafe. Consider using scanf_s instead. To disable deprecation, use _CRT_SECURE_NO_WARNINGS. See online help for details.
C:\GitHub\carry-hackathon-2022\CougsHelpCougs\CougsHelpCougs\functions.cpp(66,3): error C4996: 'scanf': This function or variable may be unsafe. Consider using scanf_s instead. To disable deprecation, use _CRT_SECURE_NO_WARNINGS. See online help for details.
C:\GitHub\carry-hackathon-2022\CougsHelpCougs\CougsHelpCougs\functions.cpp(76,4): error C4996: 'scanf': This function or variable may be unsafe. Consider using scanf_s instead. To disable deprecation, use _CRT_SECURE_NO_WARNINGS. See online help for details.
C:\GitHub\carry-hackathon-2022\CougsHelpCougs\CougsHelpCougs\functions.cpp(84,4): error C4996: 'scanf': This function or variable may be unsafe. Consider using scanf_s instead. To disable deprecation, use _CRT_SECURE_NO_WARNINGS. See online help for details.
C:\GitHub\carry-hackathon-2022\CougsHelpCougs\CougsHelpCougs\functions.cpp(91,4): error C4996: 'scanf': This function or variable may be unsafe. Consider using scanf_s instead. To disable deprecation, use _CRT_SECURE_NO_WARNINGS. See online help for details.
C:\GitHub\carry-hackathon-2022\CougsHelpCougs\CougsHelpCougs\functions.cpp(99,4): error C4996: 'scanf': This function or variable may be unsafe. Consider using scanf_s instead. To disable deprecation, use _CRT_SECURE_NO_WARNINGS. See online help for details.
C:\GitHub\carry-hackathon-2022\CougsHelpCougs\CougsHelpCougs\functions.cpp(110,4): error C4996: 'scanf': This function or variable may be unsafe. Consider using scanf_s instead. To disable deprecation, use _CRT_SECURE_NO_WARNINGS. See online help for details.
C:\GitHub\carry-hackathon-2022\CougsHelpCougs\CougsHelpCougs\functions.cpp(139,3): error C4996: 'scanf': This function or variable may be unsafe. Consider using scanf_s instead. To disable deprecation, use _CRT_SECURE_NO_WARNINGS. See online help for details.
C:\GitHub\carry-hackathon-2022\CougsHelpCougs\CougsHelpCougs\functions.cpp(149,4): error C4996: 'scanf': This function or variable may be unsafe. Consider using scanf_s instead. To disable deprecation, use _CRT_SECURE_NO_WARNINGS. See online help for details.
C:\GitHub\carry-hackathon-2022\CougsHelpCougs\CougsHelpCougs\functions.cpp(168,3): error C4996: 'scanf': This function or variable may be unsafe. Consider using scanf_s instead. To disable deprecation, use _CRT_SECURE_NO_WARNINGS. See online help for details.
C:\GitHub\carry-hackathon-2022\CougsHelpCougs\CougsHelpCougs\functions.cpp(179,4): error C4996: 'scanf': This function or variable may be unsafe. Consider using scanf_s instead. To disable deprecation, use _CRT_SECURE_NO_WARNINGS. See online help for details.
C:\GitHub\carry-hackathon-2022\CougsHelpCougs\CougsHelpCougs\functions.cpp(203,3): error C4996: 'scanf': This function or variable may be unsafe. Consider using scanf_s instead. To disable deprecation, use _CRT_SECURE_NO_WARNINGS. See online help for details.
C:\GitHub\carry-hackathon-2022\CougsHelpCougs\CougsHelpCougs\functions.cpp(213,4): error C4996: 'scanf': This function or variable may be unsafe. Consider using scanf_s instead. To disable deprecation, use _CRT_SECURE_NO_WARNINGS. See online help for details.
C:\GitHub\carry-hackathon-2022\CougsHelpCougs\CougsHelpCougs\functions.cpp(232,3): error C4996: 'scanf': This function or variable may be unsafe. Consider using scanf_s instead. To disable deprecation, use _CRT_SECURE_NO_WARNINGS. See online help for details.
  main.cpp
  Generating Code...
